<?xml version="1.0" encoding="UTF-8"?>
<!-- Generated by org.testng.reporters.JUnitReportReporter -->
<testsuite hostname="INLEN8520087175" failures="0" tests="1" name="com.bag.bagTest" time="14.209" errors="0" timestamp="2023-01-09T17:16:47 IST" skipped="0">
  <testcase classname="com.bag.bagTest" name="verifyBag" time="14.209"/>
  <system-out/>
</testsuite> <!-- com.bag.bagTest -->
